[debug] [2023-05-23T13:33:17.157Z] ----------------------------------------------------------------------
[debug] [2023-05-23T13:33:17.160Z] Command:       /usr/local/bin/node /usr/local/bin/firebase init
[debug] [2023-05-23T13:33:17.160Z] CLI Version:   12.1.0
[debug] [2023-05-23T13:33:17.161Z] Platform:      darwin
[debug] [2023-05-23T13:33:17.161Z] Node Version:  v18.16.0
[debug] [2023-05-23T13:33:17.162Z] Time:          Tue May 23 2023 10:33:17 GMT-0300 (Brasilia Standard Time)
[debug] [2023-05-23T13:33:17.163Z] ----------------------------------------------------------------------
[debug] 
[debug] [2023-05-23T13:33:17.173Z] > command requires scopes: ["email","openid","https://www.googleapis.com/auth/cloudplatformprojects.readonly","https://www.googleapis.com/auth/firebase","https://www.googleapis.com/auth/cloud-platform"]
[debug] [2023-05-23T13:33:17.174Z] > authorizing via signed-in user (nunes.pessoal@gmail.com)
[info] 
     ######## #### ########  ######## ########     ###     ######  ########
     ##        ##  ##     ## ##       ##     ##  ##   ##  ##       ##
     ######    ##  ########  ######   ########  #########  ######  ######
     ##        ##  ##    ##  ##       ##     ## ##     ##       ## ##
     ##       #### ##     ## ######## ########  ##     ##  ######  ########

You're about to initialize a Firebase project in this directory:

  /Users/leandronunes/Documents/programming/firebase-react

[info] 
=== Project Setup
[info] 
[info] First, let's associate this project directory with a Firebase project.
[info] You can create multiple project aliases by running firebase use --add, 
[info] but for now we'll just set up a default project.
[info] 
[debug] [2023-05-23T13:34:14.207Z] >>> [apiv2][query] GET https://firebase.googleapis.com/v1beta1/projects pageSize=100
[debug] [2023-05-23T13:34:15.016Z] <<< [apiv2][status] GET https://firebase.googleapis.com/v1beta1/projects 200
[debug] [2023-05-23T13:34:15.016Z] <<< [apiv2][body] GET https://firebase.googleapis.com/v1beta1/projects [omitted]
[info] i  Using project fir-course-3c801 (firebase-course) 
[info] 
=== Hosting Setup
[info] 
[info] Your public directory is the folder (relative to your project directory) that
[info] will contain Hosting assets to be uploaded with firebase deploy. If you
[info] have a build process for your assets, use your build's output directory.
[info] 
[info] ✔  Wrote public/404.html 
[debug] [2023-05-23T13:36:03.796Z] >>> [apiv2][query] GET https://www.gstatic.com/firebasejs/releases.json [none]
[debug] [2023-05-23T13:36:03.919Z] <<< [apiv2][status] GET https://www.gstatic.com/firebasejs/releases.json 200
[debug] [2023-05-23T13:36:03.920Z] <<< [apiv2][body] GET https://www.gstatic.com/firebasejs/releases.json {"current":{"version":"9.22.0","browserURL":"https://www.gstatic.com/firebasejs/9.22.0/firebase.js","packageURL":"https://www.gstatic.com/firebasejs/9.22.0/firebase.tgz"},"live":{"version":"9.22","browserURL":"https://www.gstatic.com/firebasejs/live/9.22/firebase.js","packageURL":"https://www.gstatic.com/firebasejs/live/9.22/firebase.tgz"},"components":{"analytics":"https://www.gstatic.com/firebasejs/9.22.0/firebase-analytics.js","app":"https://www.gstatic.com/firebasejs/9.22.0/firebase-app.js","app-check":"https://www.gstatic.com/firebasejs/9.22.0/firebase-app-check.js","auth":"https://www.gstatic.com/firebasejs/9.22.0/firebase-auth.js","auth/cordova":"https://www.gstatic.com/firebasejs/9.22.0/firebase-auth/cordova.js","auth/react-native":"https://www.gstatic.com/firebasejs/9.22.0/firebase-auth/react-native.js","functions":"https://www.gstatic.com/firebasejs/9.22.0/firebase-functions.js","firestore":"https://www.gstatic.com/firebasejs/9.22.0/firebase-firestore.js","firestore/lite":"https://www.gstatic.com/firebasejs/9.22.0/firebase-firestore/lite.js","installations":"https://www.gstatic.com/firebasejs/9.22.0/firebase-installations.js","storage":"https://www.gstatic.com/firebasejs/9.22.0/firebase-storage.js","performance":"https://www.gstatic.com/firebasejs/9.22.0/firebase-performance.js","remote-config":"https://www.gstatic.com/firebasejs/9.22.0/firebase-remote-config.js","messaging":"https://www.gstatic.com/firebasejs/9.22.0/firebase-messaging.js","messaging/sw":"https://www.gstatic.com/firebasejs/9.22.0/firebase-messaging/sw.js","database":"https://www.gstatic.com/firebasejs/9.22.0/firebase-database.js","firestore.memory":"https://www.gstatic.com/firebasejs/9.22.0/firebase-firestore.memory.js"}}
[info] i  Skipping write of public/index.html 
[info] 
[info] i  Didn't detect a .git folder. Assuming /Users/leandronunes/Documents/programming/firebase-react is the project root. 
[info] i  Authorizing with GitHub to upload your service account to a GitHub repository's secrets store. 
[info] 
[info] Visit this URL on this device to log in:
[info] https://github.com/login/oauth/authorize?client_id=89cf50f02ac6aaed3484&state=190916270&redirect_uri=http%3A%2F%2Flocalhost%3A9005&scope=read%3Auser%20repo%20public_repo
[info] 
[info] Waiting for authentication...
[debug] [2023-05-23T13:36:21.737Z] >>> [apiv2][query] POST https://github.com/login/oauth/access_token [none]
[debug] [2023-05-23T13:36:21.737Z] >>> [apiv2][body] POST https://github.com/login/oauth/access_token [stream]
[debug] [2023-05-23T13:36:22.017Z] <<< [apiv2][status] POST https://github.com/login/oauth/access_token 200
[debug] [2023-05-23T13:36:22.017Z] <<< [apiv2][body] POST https://github.com/login/oauth/access_token {"access_token":"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","token_type":"bearer","scope":"read:user,repo"}
[debug] [2023-05-23T13:36:22.027Z] >>> [apiv2][query] GET https://api.github.com/user [none]
[debug] [2023-05-23T13:36:22.336Z] <<< [apiv2][status] GET https://api.github.com/user 200
[debug] [2023-05-23T13:36:22.336Z] <<< [apiv2][body] GET https://api.github.com/user {"login":"leandronunesdev","id":60386045,"node_id":"MDQ6VXNlcjYwMzg2MDQ1","avatar_url":"https://avatars.githubusercontent.com/u/60386045?v=4","gravatar_id":"","url":"https://api.github.com/users/leandronunesdev","html_url":"https://github.com/leandronunesdev","followers_url":"https://api.github.com/users/leandronunesdev/followers","following_url":"https://api.github.com/users/leandronunesdev/following{/other_user}","gists_url":"https://api.github.com/users/leandronunesdev/gists{/gist_id}","starred_url":"https://api.github.com/users/leandronunesdev/starred{/owner}{/repo}","subscriptions_url":"https://api.github.com/users/leandronunesdev/subscriptions","organizations_url":"https://api.github.com/users/leandronunesdev/orgs","repos_url":"https://api.github.com/users/leandronunesdev/repos","events_url":"https://api.github.com/users/leandronunesdev/events{/privacy}","received_events_url":"https://api.github.com/users/leandronunesdev/received_events","type":"User","site_admin":false,"name":"Leandro Nunes","company":null,"blog":"leandronunes.dev","location":"Curitiba","email":null,"hireable":true,"bio":"Frontend Engineer, React, Redux, and Typescript enthusiast.","twitter_username":"leandro_nunes","public_repos":70,"public_gists":0,"followers":4,"following":11,"created_at":"2020-01-28T10:17:02Z","updated_at":"2023-05-17T14:08:37Z","private_gists":0,"total_private_repos":2,"owned_private_repos":2,"disk_usage":100690,"collaborators":0,"two_factor_authentication":false,"plan":{"name":"free","space":976562499,"collaborators":0,"private_repos":10000}}
[info] 
[info] ✔  Success! Logged into GitHub as leandronunesdev 
[info] 
